Build started 8/30/2012 6:20:05 PM.
     1>Project "C:\Users\Harry Scott\Desktop\of_v0071_vs2010_release\of_v0071_vs2010_release\apps\myApps\ofxPGRExample\emptyExample.vcxproj" on node 2 (build target(s)).
     1>InitializeBuildStatus:
         Creating "obj\Debug\emptyExample.unsuccessfulbuild" because "AlwaysCreate" was specified.
       ClCompile:
         All outputs are up-to-date.
       ManifestResourceCompile:
         All outputs are up-to-date.
       Link:
         All outputs are up-to-date.
       Manifest:
         All outputs are up-to-date.
       PostBuildEvent:
         Description: adding DLLs and creating data folder
         xcopy /e /i /y "C:\Users\Harry Scott\Desktop\of_v0071_vs2010_release\of_v0071_vs2010_release\apps\myApps\ofxPGRExample\..\..\..\export\vs2010\*.dll" "C:\Users\Harry Scott\Desktop\of_v0071_vs2010_release\of_v0071_vs2010_release\apps\myApps\ofxPGRExample\bin"
         :VCEnd
         C:\Users\Harry Scott\Desktop\of_v0071_vs2010_release\of_v0071_vs2010_release\apps\myApps\ofxPGRExample\..\..\..\export\vs2010\Assimp32.dll
         C:\Users\Harry Scott\Desktop\of_v0071_vs2010_release\of_v0071_vs2010_release\apps\myApps\ofxPGRExample\..\..\..\export\vs2010\fmodex.dll
         C:\Users\Harry Scott\Desktop\of_v0071_vs2010_release\of_v0071_vs2010_release\apps\myApps\ofxPGRExample\..\..\..\export\vs2010\fmodexL.dll
         C:\Users\Harry Scott\Desktop\of_v0071_vs2010_release\of_v0071_vs2010_release\apps\myApps\ofxPGRExample\..\..\..\export\vs2010\FreeImage.dll
         C:\Users\Harry Scott\Desktop\of_v0071_vs2010_release\of_v0071_vs2010_release\apps\myApps\ofxPGRExample\..\..\..\export\vs2010\FreeType-6.dll
         C:\Users\Harry Scott\Desktop\of_v0071_vs2010_release\of_v0071_vs2010_release\apps\myApps\ofxPGRExample\..\..\..\export\vs2010\glut32.dll
         C:\Users\Harry Scott\Desktop\of_v0071_vs2010_release\of_v0071_vs2010_release\apps\myApps\ofxPGRExample\..\..\..\export\vs2010\Zlib.dll
         7 File(s) copied
       FinalizeBuildStatus:
         Deleting file "obj\Debug\emptyExample.unsuccessfulbuild".
         Touching "obj\Debug\emptyExample.lastbuildstate".
     1>Done Building Project "C:\Users\Harry Scott\Desktop\of_v0071_vs2010_release\of_v0071_vs2010_release\apps\myApps\ofxPGRExample\emptyExample.vcxproj" (build target(s)).

Build succeeded.

Time Elapsed 00:00:00.15
